[
    {
        "hotel_id": 13439,
        "name": "Millennium Hotel Broadway Times Square",
        "location": "145 West 44Th Street",
        "stars": "3 STARS AND A HALF",
        "latitude": "40.7569207",
        "longitude": "-73.9850158",
        "price": "11011.60",
        "actual_price": "10256.08",
        "img": "https:\/\/photos.hotelbeds.com\/giata\/01\/013439\/013439a_hb_a_035.jpg",
        "currency": "EUR",
        "actual_currency": "EUR",
        "redirect": "",
        "city_code": "NYC",
        "country_code": "US",
        "address": "145 West 44Th Street",
        "discount": "",
        "amenities": [
            null,
            null,
            null,
            null,
            null,
            null,
            null,
            null,
            null,
            null,
            null,
            null
        ]
    },
    {
        "hotel_id": 13007,
        "name": "Hotel Beacon",
        "location": "2130 Broadway at 75th Street",
        "stars": "4 STARS",
        "latitude": "40.780703",
        "longitude": "-73.981198",
        "price": "20067.16",
        "actual_price": "11167.68",
        "img": "https:\/\/photos.hotelbeds.com\/giata\/01\/013007\/013007a_hb_a_006.jpg",
        "currency": "EUR",
        "actual_currency": "EUR",
        "redirect": "",
        "city_code": "NYC",
        "country_code": "US",
        "address": "2130 Broadway at 75th Street",
        "discount": "",
        "amenities": [
            null,
            null,
            null,
            null,
            null,
            null
        ]
    },
    {
        "hotel_id": 14742,
        "name": "Gardens Suites hotel By Affinia",
        "location": "215 East 64Th Street Between 2Nd And 3Rd Avenues",
        "stars": "4 STARS",
        "latitude": "40.764403",
        "longitude": "-73.96307",
        "price": "16750.72",
        "actual_price": "13902.10",
        "img": "https:\/\/photos.hotelbeds.com\/giata\/01\/014742\/014742a_hb_a_002.jpg",
        "currency": "EUR",
        "actual_currency": "EUR",
        "redirect": "",
        "city_code": "NYC",
        "country_code": "US",
        "address": "215 East 64Th Street Between 2Nd And 3Rd Avenues",
        "discount": "",
        "amenities": [
            null,
            null,
            null,
            null,
            null,
            null,
            null,
            null
        ]
    },
    {
        "hotel_id": 107255,
        "name": "The Manhattan Club",
        "location": "200 West 56th Street",
        "stars": "4 STARS AND A HALF",
        "latitude": "40.765024",
        "longitude": "-73.980998",
        "price": "11956.10",
        "actual_price": "8623.16",
        "img": "https:\/\/photos.hotelbeds.com\/giata\/10\/107255\/107255a_hb_a_001.jpg",
        "currency": "EUR",
        "actual_currency": "EUR",
        "redirect": "",
        "city_code": "NYC",
        "country_code": "US",
        "address": "200 West 56th Street",
        "discount": "",
        "amenities": [
            null,
            null,
            null,
            null,
            null,
            null,
            null
        ]
    },
    {
        "hotel_id": 13003,
        "name": "New York Hilton Midtown",
        "location": "1335 Avenue Of The Americas",
        "stars": "4 STARS",
        "latitude": "40.7625654",
        "longitude": "-73.97972349999998",
        "price": "11358.82",
        "actual_price": "9913.06",
        "img": "https:\/\/photos.hotelbeds.com\/giata\/01\/013003\/013003a_hb_a_001.jpg",
        "currency": "EUR",
        "actual_currency": "EUR",
        "redirect": "",
        "city_code": "NYC",
        "country_code": "US",
        "address": "1335 Avenue Of The Americas",
        "discount": "",
        "amenities": [
            null,
            null,
            null,
            null,
            null,
            null,
            null,
            null,
            null,
            null,
            null,
            null
        ]
    },
    {
        "hotel_id": 25049,
        "name": "Hilton Garden Inn Queens-JFK Airport",
        "location": "148-18 134Th Street",
        "stars": "3 STARS",
        "latitude": "40.6657",
        "longitude": "-73.8062",
        "price": "7282.44",
        "actual_price": "6113.12",
        "img": "https:\/\/photos.hotelbeds.com\/giata\/02\/025049\/025049a_hb_a_008.jpg",
        "currency": "EUR",
        "actual_currency": "EUR",
        "redirect": "",
        "city_code": "NYC",
        "country_code": "US",
        "address": "148-18 134Th Street",
        "discount": "",
        "amenities": [
            null,
            null,
            null,
            null,
            null,
            null,
            null,
            null
        ]
    },
    {
        "hotel_id": 13060,
        "name": "Hampton Inn JFK Airport",
        "location": "144-10 135Th Avenue",
        "stars": "3 STARS",
        "latitude": "40.667479",
        "longitude": "-73.79496210000002",
        "price": "6794.56",
        "actual_price": "6794.56",
        "img": "https:\/\/photos.hotelbeds.com\/giata\/01\/013060\/013060a_hb_a_002.jpg",
        "currency": "EUR",
        "actual_currency": "EUR",
        "redirect": "",
        "city_code": "NYC",
        "country_code": "US",
        "address": "144-10 135Th Avenue",
        "discount": "",
        "amenities": [
            null,
            null,
            null,
            null,
            null,
            null,
            null,
            null,
            null,
            null,
            null,
            null
        ]
    },
    {
        "hotel_id": 13054,
        "name": "NH Collection New York Madison Avenue",
        "location": "22 East 38th Street",
        "stars": "4 STARS",
        "latitude": "40.7500345",
        "longitude": "-73.98095269999999",
        "price": "16954.68",
        "actual_price": "10971.52",
        "img": "https:\/\/photos.hotelbeds.com\/giata\/01\/013054\/013054a_hb_a_010.jpg",
        "currency": "EUR",
        "actual_currency": "EUR",
        "redirect": "",
        "city_code": "NYC",
        "country_code": "US",
        "address": "22 East 38th Street",
        "discount": "",
        "amenities": [
            null,
            null,
            null,
            null,
            null,
            null,
            null,
            null,
            null
        ]
    },
    {
        "hotel_id": 88537,
        "name": "Ramada by Wyndham Jersey City",
        "location": "65 Tonnelle Ave",
        "stars": "2 STARS",
        "latitude": "40.732889",
        "longitude": "-74.067364999999995",
        "price": "4671.68",
        "actual_price": "4671.68",
        "img": "https:\/\/photos.hotelbeds.com\/giata\/08\/088537\/088537a_hb_a_002.jpg",
        "currency": "EUR",
        "actual_currency": "EUR",
        "redirect": "",
        "city_code": "NYC",
        "country_code": "US",
        "address": "65 Tonnelle Ave",
        "discount": "",
        "amenities": [
            null,
            null,
            null,
            null,
            null,
            null,
            null,
            null
        ]
    },
    {
        "hotel_id": 16822,
        "name": "Fifty Hotel & Suites by Affinia",
        "location": "155 East 50Th Street (At 3Rd Avenue)",
        "stars": "4 STARS",
        "latitude": "40.756103",
        "longitude": "-73.970987",
        "price": "12231.68",
        "actual_price": "11032.64",
        "img": "https:\/\/photos.hotelbeds.com\/giata\/01\/016822\/016822a_hb_a_002.jpg",
        "currency": "EUR",
        "actual_currency": "EUR",
        "redirect": "",
        "city_code": "NYC",
        "country_code": "US",
        "address": "155 East 50Th Street (At 3Rd Avenue)",
        "discount": "",
        "amenities": [
            null,
            null,
            null,
            null,
            null,
            null,
            null,
            null,
            null,
            null
        ]
    }
]